#
# There is insufficient memory for the Java Runtime Environment to continue.
# Native memory allocation (malloc) failed to allocate 1048576 bytes for AllocateHeap
# Possible reasons:
#   The system is out of physical RAM or swap space
#   The process is running with CompressedOops enabled, and the Java Heap may be blocking the growth of the native heap
# Possible solutions:
#   Reduce memory load on the system
#   Increase physical memory or swap space
#   Check if swap backing store is full
#   Decrease Java heap size (-Xmx/-Xms)
#   Decrease number of Java threads
#   Decrease Java thread stack sizes (-Xss)
#   Set larger code cache with -XX:ReservedCodeCacheSize=
#   JVM is running with Unscaled Compressed Oops mode in which the Java heap is
#     placed in the first 4GB address space. The Java Heap base address is the
#     maximum limit for the native heap growth. Please use -XX:HeapBaseMinAddress
#     to set the Java Heap base and to place the Java Heap above 4GB virtual address.
# This output file may be truncated or incomplete.
#
#  Out of Memory Error (allocation.cpp:44), pid=5952, tid=9896
#
# JRE version:  (17.0.7+8) (build )
# Java VM: Java HotSpot(TM) 64-Bit Server VM (17.0.7+8-LTS-224, mixed mode, sharing, tiered, compressed oops, compressed class ptrs, parallel gc, windows-amd64)
# No core dump will be written. Minidumps are not enabled by default on client versions of Windows
#

---------------  S U M M A R Y ------------

Command Line: --add-modules=ALL-SYSTEM --add-opens=java.base/java.util=ALL-UNNAMED --add-opens=java.base/java.lang=ALL-UNNAMED --add-opens=java.base/sun.nio.fs=ALL-UNNAMED -Declipse.application=org.eclipse.jdt.ls.core.id1 -Dosgi.bundles.defaultStartLevel=4 -Declipse.product=org.eclipse.jdt.ls.core.product -Djava.import.generatesMetadataFilesAtProjectRoot=false -DDetectVMInstallationsJob.disabled=true -Dfile.encoding=utf8 -XX:+UseParallelGC -XX:GCTimeRatio=4 -XX:AdaptiveSizePolicyWeight=90 -Dsun.zip.disableMemoryMapping=true -Xmx1G -Xms100m -Xlog:disable -javaagent:c:\Users\acer\.vscode\extensions\redhat.java-1.36.0-win32-x64\lombok\lombok-1.18.35.jar c:\Users\acer\.vscode\extensions\redhat.java-1.36.0-win32-x64\server\plugins\org.eclipse.equinox.launcher_1.6.900.v20240613-2009.jar -configuration c:\Users\acer\AppData\Roaming\Code\User\globalStorage\redhat.java\1.36.0\config_ss_win -data c:\Users\acer\AppData\Roaming\Code\User\workspaceStorage\c25cb7cc50a8f70ccc2e86d127fca685\redhat.java\ss_ws --pipe=\\.\pipe\lsp-a75464a57f29c3451f052cc63999528c-sock

Host: Intel(R) Core(TM) i5-10300H CPU @ 2.50GHz, 8 cores, 7G,  Windows 11 , 64 bit Build 22621 (10.0.22621.4391)
Time: Thu Nov 21 20:37:49 2024 India Standard Time elapsed time: 0.124030 seconds (0d 0h 0m 0s)

---------------  T H R E A D  ---------------

Current thread (0x0000013e90dd9730):  JavaThread "Unknown thread" [_thread_in_vm, id=9896, stack(0x0000003e2ae00000,0x0000003e2af00000)]

Stack: [0x0000003e2ae00000,0x0000003e2af00000]
Native frames: (J=compiled Java code, j=interpreted, Vv=VM code, C=native code)
V  [jvm.dll+0x676a4a]
V  [jvm.dll+0x7d74f4]
V  [jvm.dll+0x7d8c9e]
V  [jvm.dll+0x7d9303]
V  [jvm.dll+0x2452c5]
V  [jvm.dll+0xa50a3]
V  [jvm.dll+0x6a9716]
V  [jvm.dll+0x6aa40e]
V  [jvm.dll+0x683343]
V  [jvm.dll+0x7a96c3]
V  [jvm.dll+0x367164]
V  [jvm.dll+0x788359]
V  [jvm.dll+0x3ea5ef]
V  [jvm.dll+0x3ec071]
C  [jli.dll+0x5297]
C  [ucrtbase.dll+0x29333]
C  [KERNEL32.DLL+0x1259d]
C  [ntdll.dll+0x5af38]


---------------  P R O C E S S  ---------------

Threads class SMR info:
_java_thread_list=0x00007ffacc1d4998, length=0, elements={
}

Java Threads: ( => current thread )

Other Threads:
  0x0000013e90def2c0 GCTaskThread "GC Thread#0" [stack: 0x0000003e2af00000,0x0000003e2b000000] [id=11992]

=>0x0000013e90dd9730 (exited) JavaThread "Unknown thread" [_thread_in_vm, id=9896, stack(0x0000003e2ae00000,0x0000003e2af00000)]

Threads with active compile tasks:

VM state: not at safepoint (normal execution)

VM Mutex/Monitor currently owned by a thread: None

Heap address: 0x00000000c0000000, size: 1024 MB, Compressed Oops mode: 32-bit

CDS archive(s) mapped at: [0x0000000800000000-0x0000000800bd0000-0x0000000800bd0000), size 12386304, SharedBaseAddress: 0x0000000800000000, ArchiveRelocationMode: 0.
Compressed class space mapped at: 0x0000000800c00000-0x0000000840c00000, reserved size: 1073741824
Narrow klass base: 0x0000000800000000, Narrow klass shift: 0, Narrow klass range: 0x100000000

GC Precious Log:
 CPUs: 8 total, 8 available
 Memory: 8023M
 Large Page Support: Disabled
 NUMA Support: Disabled
 Compressed Oops: Enabled (32-bit)
 Alignments: Space 512K, Generation 512K, Heap 2M
 Heap Min Capacity: 100M
 Heap Initial Capacity: 100M
 Heap Max Capacity: 1G
 Pre-touch: Disabled
 Parallel Workers: 8

Heap:
 PSYoungGen      total 29696K, used 512K [0x00000000eab00000, 0x00000000ecc00000, 0x0000000100000000)
  eden space 25600K, 2% used [0x00000000eab00000,0x00000000eab80020,0x00000000ec400000)
  from space 4096K, 0% used [0x00000000ec800000,0x00000000ec800000,0x00000000ecc00000)
  to   space 4096K, 0% used [0x00000000ec400000,0x00000000ec400000,0x00000000ec800000)
 ParOldGen       total 68608K, used 0K [0x00000000c0000000, 0x00000000c4300000, 0x00000000eab00000)
  object space 68608K, 0% used [0x00000000c0000000,0x00000000c0000000,0x00000000c4300000)
 Metaspace       used 0K, committed 0K, reserved 1048576K
  class space    used 0K, committed 0K, reserved 1048576K

Card table byte_map: [0x0000013ea9030000,0x0000013ea9240000] _byte_map_base: 0x0000013ea8a30000

Marking Bits: (ParMarkBitMap*) 0x00007ffacc23fa60
 Begin Bits: [0x0000013ea93a0000, 0x0000013eaa3a0000)
 End Bits:   [0x0000013eaa3a0000, 0x0000013eab3a0000)

Polling page: 0x0000013e90ea0000

Metaspace:

Usage:
  Non-class:      0 bytes used.
      Class:      0 bytes used.
       Both:      0 bytes used.

Virtual space:
  Non-class space:        0 bytes reserved,       0 bytes (  ?%) committed,  0 nodes.
      Class space:        1.00 GB reserved,       0 bytes (  0%) committed,  1 nodes.
             Both:        1.00 GB reserved,       0 bytes (  0%) committed. 

Chunk freelists:
   Non-Class:  0 bytes
       Class:  4.00 MB
        Both:  4.00 MB

MaxMetaspaceSize: unlimited
CompressedClassSpaceSize: 1.00 GB
Initial GC threshold: 21.00 MB
Current GC threshold: 17179869184.00 GB
CDS: on
MetaspaceReclaimPolicy: balanced
 - commit_granule_bytes: 65536.
 - commit_granule_words: 8192.
 - virtual_space_node_default_size: 1048576.
 - enlarge_chunks_in_place: 1.
 - new_chunks_are_fully_committed: 0.
 - uncommit_free_chunks: 1.
 - use_allocation_guard: 0.
 - handle_deallocations: 1.


Internal statistics:

num_allocs_failed_limit: 0.
num_arena_births: 0.
num_arena_deaths: 0.
num_vsnodes_births: 1.
num_vsnodes_deaths: 0.
num_space_committed: 0.
num_space_uncommitted: 0.
num_chunks_returned_to_freelist: 0.
num_chunks_taken_from_freelist: 1.
num_chunk_merges: 0.
num_chunk_splits: 1.
num_chunks_enlarged: 0.
num_purges: 0.
num_inconsistent_stats: 0.

CodeHeap 'non-profiled nmethods': size=120000Kb used=0Kb max_used=0Kb free=120000Kb
 bounds [0x0000013ea1920000, 0x0000013ea1b90000, 0x0000013ea8e50000]
CodeHeap 'profiled nmethods': size=120000Kb used=0Kb max_used=0Kb free=120000Kb
 bounds [0x0000013e99e50000, 0x0000013e9a0c0000, 0x0000013ea1380000]
CodeHeap 'non-nmethods': size=5760Kb used=203Kb max_used=335Kb free=5556Kb
 bounds [0x0000013ea1380000, 0x0000013ea15f0000, 0x0000013ea1920000]
 total_blobs=66 nmethods=0 adapters=47
 compilation: enabled
              stopped_count=0, restarted_count=0
 full_count=0

Compilation events (0 events):
No events

GC Heap History (0 events):
No events

Deoptimization events (0 events):
No events

Classes unloaded (0 events):
No events

Classes redefined (0 events):
No events

Internal exceptions (0 events):
No events

VM Operations (0 events):
No events

Events (1 events):
Event: 0.034 Loaded shared library c:\Program Files\Java\jdk-17\bin\java.dll


Dynamic libraries:
0x00007ff6793d0000 - 0x00007ff6793e0000 	c:\Program Files\Java\jdk-17\bin\java.exe
0x00007ffb2ae30000 - 0x00007ffb2b047000 	C:\WINDOWS\SYSTEM32\ntdll.dll
0x00007ffb29770000 - 0x00007ffb29834000 	C:\WINDOWS\System32\KERNEL32.DLL
0x00007ffb28640000 - 0x00007ffb289f9000 	C:\WINDOWS\System32\KERNELBASE.dll
0x00007ffb283e0000 - 0x00007ffb284f1000 	C:\WINDOWS\System32\ucrtbase.dll
0x00007ffb07ab0000 - 0x00007ffb07ac9000 	c:\Program Files\Java\jdk-17\bin\jli.dll
0x00007ffb04c10000 - 0x00007ffb04c2b000 	c:\Program Files\Java\jdk-17\bin\VCRUNTIME140.dll
0x00007ffb29410000 - 0x00007ffb294c2000 	C:\WINDOWS\System32\ADVAPI32.dll
0x00007ffb28b50000 - 0x00007ffb28bf7000 	C:\WINDOWS\System32\msvcrt.dll
0x00007ffb294d0000 - 0x00007ffb29577000 	C:\WINDOWS\System32\sechost.dll
0x00007ffb28a00000 - 0x00007ffb28a28000 	C:\WINDOWS\System32\bcrypt.dll
0x00007ffb29d30000 - 0x00007ffb29e44000 	C:\WINDOWS\System32\RPCRT4.dll
0x00007ffb29b50000 - 0x00007ffb29cfe000 	C:\WINDOWS\System32\USER32.dll
0x00007ffb28500000 - 0x00007ffb28526000 	C:\WINDOWS\System32\win32u.dll
0x00007ffb0d620000 - 0x00007ffb0d8b2000 	C:\WINDOWS\WinSxS\amd64_microsoft.windows.common-controls_6595b64144ccf1df_6.0.22621.4391_none_2715d37f73803e96\COMCTL32.dll
0x00007ffb2a160000 - 0x00007ffb2a189000 	C:\WINDOWS\System32\GDI32.dll
0x00007ffb28a30000 - 0x00007ffb28b4b000 	C:\WINDOWS\System32\gdi32full.dll
0x00007ffb28530000 - 0x00007ffb285ca000 	C:\WINDOWS\System32\msvcp_win.dll
0x00007ffb243b0000 - 0x00007ffb243ba000 	C:\WINDOWS\SYSTEM32\VERSION.dll
0x00007ffb29580000 - 0x00007ffb295b1000 	C:\WINDOWS\System32\IMM32.DLL
0x00007ffb18000000 - 0x00007ffb1800c000 	c:\Program Files\Java\jdk-17\bin\vcruntime140_1.dll
0x00007ffae6e50000 - 0x00007ffae6ede000 	c:\Program Files\Java\jdk-17\bin\msvcp140.dll
0x00007ffacb720000 - 0x00007ffacc2fd000 	c:\Program Files\Java\jdk-17\bin\server\jvm.dll
0x00007ffb2a190000 - 0x00007ffb2a198000 	C:\WINDOWS\System32\PSAPI.DLL
0x00007ffb23680000 - 0x00007ffb236b4000 	C:\WINDOWS\SYSTEM32\WINMM.dll
0x00007ffb10df0000 - 0x00007ffb10df9000 	C:\WINDOWS\SYSTEM32\WSOCK32.dll
0x00007ffb2ad70000 - 0x00007ffb2ade1000 	C:\WINDOWS\System32\WS2_32.dll
0x00007ffb27170000 - 0x00007ffb27188000 	C:\WINDOWS\SYSTEM32\kernel.appcore.dll
0x00007ffb108b0000 - 0x00007ffb108ba000 	c:\Program Files\Java\jdk-17\bin\jimage.dll
0x00007ffb16940000 - 0x00007ffb16b72000 	C:\WINDOWS\SYSTEM32\DBGHELP.DLL
0x00007ffb29080000 - 0x00007ffb2940f000 	C:\WINDOWS\System32\combase.dll
0x00007ffb2a370000 - 0x00007ffb2a447000 	C:\WINDOWS\System32\OLEAUT32.dll
0x00007ffb07640000 - 0x00007ffb07672000 	C:\WINDOWS\SYSTEM32\dbgcore.DLL
0x00007ffb282a0000 - 0x00007ffb2831b000 	C:\WINDOWS\System32\bcryptPrimitives.dll
0x00007ffb106a0000 - 0x00007ffb106ae000 	c:\Program Files\Java\jdk-17\bin\instrument.dll
0x00007ffb04be0000 - 0x00007ffb04c05000 	c:\Program Files\Java\jdk-17\bin\java.dll

dbghelp: loaded successfully - version: 4.0.5 - missing functions: none
symbol engine: initialized successfully - sym options: 0x614 - pdb path: .;c:\Program Files\Java\jdk-17\bin;C:\WINDOWS\SYSTEM32;C:\WINDOWS\WinSxS\amd64_microsoft.windows.common-controls_6595b64144ccf1df_6.0.22621.4391_none_2715d37f73803e96;c:\Program Files\Java\jdk-17\bin\server

VM Arguments:
jvm_args: --add-modules=ALL-SYSTEM --add-opens=java.base/java.util=ALL-UNNAMED --add-opens=java.base/java.lang=ALL-UNNAMED --add-opens=java.base/sun.nio.fs=ALL-UNNAMED -Declipse.application=org.eclipse.jdt.ls.core.id1 -Dosgi.bundles.defaultStartLevel=4 -Declipse.product=org.eclipse.jdt.ls.core.product -Djava.import.generatesMetadataFilesAtProjectRoot=false -DDetectVMInstallationsJob.disabled=true -Dfile.encoding=utf8 -XX:+UseParallelGC -XX:GCTimeRatio=4 -XX:AdaptiveSizePolicyWeight=90 -Dsun.zip.disableMemoryMapping=true -Xmx1G -Xms100m -Xlog:disable -javaagent:c:\Users\acer\.vscode\extensions\redhat.java-1.36.0-win32-x64\lombok\lombok-1.18.35.jar 
java_command: c:\Users\acer\.vscode\extensions\redhat.java-1.36.0-win32-x64\server\plugins\org.eclipse.equinox.launcher_1.6.900.v20240613-2009.jar -configuration c:\Users\acer\AppData\Roaming\Code\User\globalStorage\redhat.java\1.36.0\config_ss_win -data c:\Users\acer\AppData\Roaming\Code\User\workspaceStorage\c25cb7cc50a8f70ccc2e86d127fca685\redhat.java\ss_ws --pipe=\\.\pipe\lsp-a75464a57f29c3451f052cc63999528c-sock
java_class_path (initial): c:\Users\acer\.vscode\extensions\redhat.java-1.36.0-win32-x64\server\plugins\org.eclipse.equinox.launcher_1.6.900.v20240613-2009.jar
Launcher Type: SUN_STANDARD

[Global flags]
    uintx AdaptiveSizePolicyWeight                 = 90                                        {product} {command line}
     intx CICompilerCount                          = 4                                         {product} {ergonomic}
    uintx GCTimeRatio                              = 4                                         {product} {command line}
   size_t InitialHeapSize                          = 104857600                                 {product} {command line}
   size_t MaxHeapSize                              = 1073741824                                {product} {command line}
   size_t MaxNewSize                               = 357564416                                 {product} {ergonomic}
   size_t MinHeapDeltaBytes                        = 524288                                    {product} {ergonomic}
   size_t MinHeapSize                              = 104857600                                 {product} {command line}
   size_t NewSize                                  = 34603008                                  {product} {ergonomic}
    uintx NonNMethodCodeHeapSize                   = 5839372                                {pd product} {ergonomic}
    uintx NonProfiledCodeHeapSize                  = 122909434                              {pd product} {ergonomic}
   size_t OldSize                                  = 70254592                                  {product} {ergonomic}
    uintx ProfiledCodeHeapSize                     = 122909434                              {pd product} {ergonomic}
    uintx ReservedCodeCacheSize                    = 251658240                              {pd product} {ergonomic}
     bool SegmentedCodeCache                       = true                                      {product} {ergonomic}
   size_t SoftMaxHeapSize                          = 1073741824                             {manageable} {ergonomic}
     bool UseCompressedClassPointers               = true                           {product lp64_product} {ergonomic}
     bool UseCompressedOops                        = true                           {product lp64_product} {ergonomic}
     bool UseLargePagesIndividualAllocation        = false                                  {pd product} {ergonomic}
     bool UseParallelGC                            = true                                      {product} {command line}

Logging:
Log output configuration:
 #0: stdout all=off uptime,level,tags
 #1: stderr all=off uptime,level,tags

Environment Variables:
JAVA_HOME=C:\Program Files\Java\jdk-17
PATH=C:\Program Files\Eclipse Adoptium\jdk-21.0.2.13-hotspot\bin;C:\Program Files\Common Files\Oracle\Java\javapath;C:\WINDOWS\system32;C:\WINDOWS;C:\WINDOWS\System32\Wbem;C:\WINDOWS\System32\WindowsPowerShell\v1.0\;C:\WINDOWS\System32\OpenSSH\;C:\msys64\mingw64\bin;C:\MinGW\bin;D:\programing\Java programing\Java Software\Java IDE(JDK)\jdk-12\bin;C:\Program Files\Java\jdk-17\bin;C:\Program Files\Java\jdk-17\bin\;C:\Program Files\Git\cmd;C:\Program Files\nvm;C:\Program Files\nodejs;C:\Users\acer\AppData\Local\Programs\Python\Python311\Scripts\;C:\Users\acer\AppData\Local\Programs\Python\Python311\;C:\Users\acer\AppData\Local\Microsoft\WindowsApps;C:\MinGW\bin;C:\Windows\System32;C:\Program Files\Java\jdk-17\bin;C:\Program Files\JetBrains\IntelliJ IDEA Community Edition 2022.1.1\bin;;C:\flutter\bin;C:\Users\acer\AppData\Local\Programs\Microsoft VS Code\bin;C:\Users\acer\AppData\Roaming\npm;C:\ProgramData\Microsoft\Windows\Start Menu\Programs\Node.js;C:\Program Files\nvm;C:\Program Files\nodejs;C:\Users\acer\anaconda3;C:\Users\acer\anaconda3\Scripts;C:\Users\acer\anaconda3\Library\bin;C:\Program Files\nvm;C:\Program Files\nodejs;C:\Users\acer\AppData\Roaming\npm;C:\bfg-repo-cleaner;C:\Users\acer\AppData\Local\GitHubDesktop\bin
USERNAME=acer
OS=Windows_NT
PROCESSOR_IDENTIFIER=Intel64 Family 6 Model 165 Stepping 2, GenuineIntel



---------------  S Y S T E M  ---------------

OS:
 Windows 11 , 64 bit Build 22621 (10.0.22621.4391)
OS uptime: 2 days 11:39 hours

CPU: total 8 (initial active 8) (4 cores per cpu, 2 threads per core) family 6 model 165 stepping 2 microcode 0xe2, cx8, cmov, fxsr, ht, mmx, 3dnowpref, sse, sse2, sse3, ssse3, sse4.1, sse4.2, popcnt, lzcnt, tsc, tscinvbit, avx, avx2, aes, erms, clmul, bmi1, bmi2, adx, fma, vzeroupper, clflush, clflushopt

Memory: 4k page, system-wide physical 8023M (1590M free)
TotalPageFile size 8023M (AvailPageFile size 4M)
current process WorkingSet (physical memory assigned to process): 15M, peak: 15M
current process commit charge ("private bytes"): 168M, peak: 169M

vm_info: Java HotSpot(TM) 64-Bit Server VM (17.0.7+8-LTS-224) for windows-amd64 JRE (17.0.7+8-LTS-224), built on Feb 28 2023 23:03:02 by "mach5one" with MS VC++ 17.1 (VS2022)

END.
